<?xml version="1.0" encoding="UTF-8"?>
<testng-results skipped="0" failed="1" ignored="0" total="1" passed="0">
  <reporter-output>
  </reporter-output>
  <suite name="Default suite" duration-ms="24626" started-at="2020-09-01T00:31:45 IST" finished-at="2020-09-01T00:32:09 IST">
    <groups>
    </groups>
    <test name="Default test" duration-ms="24626" started-at="2020-09-01T00:31:45 IST" finished-at="2020-09-01T00:32:09 IST">
      <class name="testNG.Pom_CreateFacebookAccountTest">
        <test-method status="PASS" signature="openBrowser()[pri:0, instance:testNG.Pom_CreateFacebookAccountTest@1e2203c]" name="openBrowser" is-config="true" duration-ms="11654" started-at="2020-09-01T00:31:45 IST" finished-at="2020-09-01T00:31:56 IST">
          <reporter-output>
          </reporter-output>
        </test-method> <!-- openBrowser -->
        <test-method status="FAIL" signature="creatAccount()[pri:0, instance:testNG.Pom_CreateFacebookAccountTest@1e2203c]" name="creatAccount" duration-ms="12053" started-at="2020-09-01T00:31:56 IST" finished-at="2020-09-01T00:32:08 IST">
          <exception class="java.lang.NullPointerException">
            <full-stacktrace>
              <![CDATA[java.lang.NullPointerException
at testNG.Utility.getTestData(Utility.java:27)
at testNG.Pom_CreateFacebookAccountTest.creatAccount(Pom_CreateFacebookAccountTest.java:65)
at sun.reflect.NativeMethodAccessorImpl.invoke0(Native Method)
at sun.reflect.NativeMethodAccessorImpl.invoke(NativeMethodAccessorImpl.java:62)
at sun.reflect.DelegatingMethodAccessorImpl.invoke(DelegatingMethodAccessorImpl.java:43)
at java.lang.reflect.Method.invoke(Method.java:498)
at org.testng.internal.MethodInvocationHelper.invokeMethod(MethodInvocationHelper.java:132)
at org.testng.internal.TestInvoker.invokeMethod(TestInvoker.java:599)
at org.testng.internal.TestInvoker.invokeTestMethod(TestInvoker.java:174)
at org.testng.internal.MethodRunner.runInSequence(MethodRunner.java:46)
at org.testng.internal.TestInvoker$MethodInvocationAgent.invoke(TestInvoker.java:822)
at org.testng.internal.TestInvoker.invokeTestMethods(TestInvoker.java:147)
at org.testng.internal.TestMethodWorker.invokeTestMethods(TestMethodWorker.java:146)
at org.testng.internal.TestMethodWorker.run(TestMethodWorker.java:128)
at java.util.ArrayList.forEach(ArrayList.java:1257)
at org.testng.TestRunner.privateRun(TestRunner.java:764)
at org.testng.TestRunner.run(TestRunner.java:585)
at org.testng.SuiteRunner.runTest(SuiteRunner.java:384)
at org.testng.SuiteRunner.runSequentially(SuiteRunner.java:378)
at org.testng.SuiteRunner.privateRun(SuiteRunner.java:337)
at org.testng.SuiteRunner.run(SuiteRunner.java:286)
at org.testng.SuiteRunnerWorker.runSuite(SuiteRunnerWorker.java:53)
at org.testng.SuiteRunnerWorker.run(SuiteRunnerWorker.java:96)
at org.testng.TestNG.runSuitesSequentially(TestNG.java:1218)
at org.testng.TestNG.runSuitesLocally(TestNG.java:1140)
at org.testng.TestNG.runSuites(TestNG.java:1069)
at org.testng.TestNG.run(TestNG.java:1037)
at org.testng.remote.AbstractRemoteTestNG.run(AbstractRemoteTestNG.java:115)
at org.testng.remote.RemoteTestNG.initAndRun(RemoteTestNG.java:251)
at org.testng.remote.RemoteTestNG.main(RemoteTestNG.java:77)
]]>
            </full-stacktrace>
          </exception> <!-- java.lang.NullPointerException -->
          <reporter-output>
          </reporter-output>
        </test-method> <!-- creatAccount -->
        <test-method status="PASS" signature="closeBrowser(org.testng.ITestResult)[pri:0, instance:testNG.Pom_CreateFacebookAccountTest@1e2203c]" name="closeBrowser" is-config="true" duration-ms="804" started-at="2020-09-01T00:32:08 IST" finished-at="2020-09-01T00:32:09 IST">
          <params>
            <param index="0">
              <value>
                <![CDATA[[TestResult name=creatAccount status=FAILURE method=Pom_CreateFacebookAccountTest.creatAccount()[pri:0, instance:testNG.Pom_CreateFacebookAccountTest@1e2203c] output={null}]]]>
              </value>
            </param>
          </params>
          <reporter-output>
          </reporter-output>
        </test-method> <!-- closeBrowser -->
      </class> <!-- testNG.Pom_CreateFacebookAccountTest -->
    </test> <!-- Default test -->
  </suite> <!-- Default suite -->
</testng-results>
